This is XeTeX, Version 3.14159265-2.6-0.99999 (TeX Live 2018/W32TeX) (preloaded format=xelatex 2018.9.28)  7 OCT 2018 23:20
entering extended mode
 restricted \write18 enabled.
 file:line:error style messages enabled.
 %&-line parsing enabled.
**c:/Users/navi/Dropbox/cswork/18Fall/cs484_cv/hw2/questions/2018_Fall_Homework2_Questions
(c:/Users/navi/Dropbox/cswork/18Fall/cs484_cv/hw2/questions/2018_Fall_Homework2_Questions.tex
LaTeX2e <2018-04-01> patch level 5
(c:/usr/texlive/2018/texmf-dist/tex/latex/base/article.cls
Document Class: article 2014/09/29 v1.4h Standard LaTeX document class
(c:/usr/texlive/2018/texmf-dist/tex/latex/base/size11.clo
File: size11.clo 2014/09/29 v1.4h Standard LaTeX file (size option)
)
\c@part=\count80
\c@section=\count81
\c@subsection=\count82
\c@subsubsection=\count83
\c@paragraph=\count84
\c@subparagraph=\count85
\c@figure=\count86
\c@table=\count87
\abovecaptionskip=\skip41
\belowcaptionskip=\skip42
\bibindent=\dimen102
) (c:/usr/texlive/2018/texmf-dist/tex/generic/babel/babel.sty
Package: babel 2018/09/26 3.24 The Babel package
 (c:/usr/texlive/2018/texmf-dist/tex/generic/babel/switch.def
File: switch.def 2018/09/26 3.24 Babel switching mechanism
) (c:/usr/texlive/2018/texmf-dist/tex/generic/babel-english/english.ldf
Language: english 2017/06/06 v3.3r English support from the babel system
 (c:/usr/texlive/2018/texmf-dist/tex/generic/babel/babel.def
File: babel.def 2018/09/26 3.24 Babel common definitions
\babel@savecnt=\count88
\U@D=\dimen103
 (c:/usr/texlive/2018/texmf-dist/tex/generic/babel/xebabel.def (c:/usr/texlive/2018/texmf-dist/tex/generic/babel/txtbabel.def))
\bbl@dirlevel=\count89
)
\l@canadian = a dialect from \language\l@american 
\l@australian = a dialect from \language\l@british 
\l@newzealand = a dialect from \language\l@british 
)) (c:/usr/texlive/2018/texmf-dist/tex/latex/base/inputenc.sty
Package: inputenc 2018/04/06 v1.3b Input encoding file
\inpenc@prehook=\toks14
\inpenc@posthook=\toks15


Package inputenc Warning: inputenc package ignored with utf8 based engines.

) (c:/usr/texlive/2018/texmf-dist/tex/latex/hyperref/hyperref.sty
Package: hyperref 2018/02/06 v6.86b Hypertext links for LaTeX
 (c:/usr/texlive/2018/texmf-dist/tex/generic/oberdiek/hobsub-hyperref.sty
Package: hobsub-hyperref 2016/05/16 v1.14 Bundle oberdiek, subset hyperref (HO)
 (c:/usr/texlive/2018/texmf-dist/tex/generic/oberdiek/hobsub-generic.sty
Package: hobsub-generic 2016/05/16 v1.14 Bundle oberdiek, subset generic (HO)
Package: hobsub 2016/05/16 v1.14 Construct package bundles (HO)
Package: infwarerr 2016/05/16 v1.4 Providing info/warning/error messages (HO)
Package: ltxcmds 2016/05/16 v1.23 LaTeX kernel commands for general use (HO)
Package: ifluatex 2016/05/16 v1.4 Provides the ifluatex switch (HO)
Package ifluatex Info: LuaTeX not detected.
Package: ifvtex 2016/05/16 v1.6 Detect VTeX and its facilities (HO)
Package ifvtex Info: VTeX not detected.
Package: intcalc 2016/05/16 v1.2 Expandable calculations with integers (HO)
Package: ifpdf 2018/09/07 v3.3 Provides the ifpdf switch
Package: etexcmds 2016/05/16 v1.6 Avoid name clashes with e-TeX commands (HO)
Package etexcmds Info: Could not find \expanded.
(etexcmds)             That can mean that you are not using pdfTeX 1.50 or
(etexcmds)             that some package has redefined \expanded.
(etexcmds)             In the latter case, load this package earlier.
Package: kvsetkeys 2016/05/16 v1.17 Key value parser (HO)
Package: kvdefinekeys 2016/05/16 v1.4 Define keys (HO)
Package: pdftexcmds 2018/09/10 v0.29 Utility functions of pdfTeX for LuaTeX (HO)
Package pdftexcmds Info: LuaTeX not detected.
Package pdftexcmds Info: pdfTeX >= 1.30 not detected.
Package pdftexcmds Info: \pdf@primitive is available.
Package pdftexcmds Info: \pdf@ifprimitive is available.
Package pdftexcmds Info: \pdfdraftmode not found.
Package: pdfescape 2016/05/16 v1.14 Implements pdfTeX's escape features (HO)
Package: bigintcalc 2016/05/16 v1.4 Expandable calculations on big integers (HO)
Package: bitset 2016/05/16 v1.2 Handle bit-vector datatype (HO)
Package: uniquecounter 2016/05/16 v1.3 Provide unlimited unique counter (HO)
)
Package hobsub Info: Skipping package `hobsub' (already loaded).
Package: letltxmacro 2016/05/16 v1.5 Let assignment for LaTeX macros (HO)
Package: hopatch 2016/05/16 v1.3 Wrapper for package hooks (HO)
Package: xcolor-patch 2016/05/16 xcolor patch
Package: atveryend 2016/05/16 v1.9 Hooks at the very end of document (HO)
Package atveryend Info: \enddocument detected (standard20110627).
Package: atbegshi 2016/06/09 v1.18 At begin shipout hook (HO)
Package: refcount 2016/05/16 v3.5 Data extraction from label references (HO)
Package: hycolor 2016/05/16 v1.8 Color options for hyperref/bookmark (HO)
) (c:/usr/texlive/2018/texmf-dist/tex/latex/graphics/keyval.sty
Package: keyval 2014/10/28 v1.15 key=value parser (DPC)
\KV@toks@=\toks16
) (c:/usr/texlive/2018/texmf-dist/tex/generic/ifxetex/ifxetex.sty
Package: ifxetex 2010/09/12 v0.6 Provides ifxetex conditional
) (c:/usr/texlive/2018/texmf-dist/tex/latex/oberdiek/auxhook.sty
Package: auxhook 2016/05/16 v1.4 Hooks for auxiliary files (HO)
) (c:/usr/texlive/2018/texmf-dist/tex/latex/oberdiek/kvoptions.sty
Package: kvoptions 2016/05/16 v3.12 Key value format for package options (HO)
)
\@linkdim=\dimen104
\Hy@linkcounter=\count90
\Hy@pagecounter=\count91
 (c:/usr/texlive/2018/texmf-dist/tex/latex/hyperref/pd1enc.def
File: pd1enc.def 2018/02/06 v6.86b Hyperref: PDFDocEncoding definition (HO)
)
\Hy@SavedSpaceFactor=\count92
 (c:/usr/texlive/2018/texmf-dist/tex/latex/latexconfig/hyperref.cfg
File: hyperref.cfg 2002/06/06 v1.2 hyperref configuration of TeXLive
)
Package hyperref Info: Option `colorlinks' set `true' on input line 4383.
Package hyperref Info: Hyper figures OFF on input line 4509.
Package hyperref Info: Link nesting OFF on input line 4514.
Package hyperref Info: Hyper index ON on input line 4517.
Package hyperref Info: Plain pages OFF on input line 4524.
Package hyperref Info: Backreferencing OFF on input line 4529.
Package hyperref Info: Implicit mode ON; LaTeX internals redefined.
Package hyperref Info: Bookmarks ON on input line 4762.
\c@Hy@tempcnt=\count93
 (c:/usr/texlive/2018/texmf-dist/tex/latex/url/url.sty
\Urlmuskip=\muskip10
Package: url 2013/09/16  ver 3.4  Verb mode for urls, etc.
)
LaTeX Info: Redefining \url on input line 5115.
\XeTeXLinkMargin=\dimen105
\Fld@menulength=\count94
\Field@Width=\dimen106
\Fld@charsize=\dimen107
Package hyperref Info: Hyper figures OFF on input line 6369.
Package hyperref Info: Link nesting OFF on input line 6374.
Package hyperref Info: Hyper index ON on input line 6377.
Package hyperref Info: backreferencing OFF on input line 6384.
Package hyperref Info: Link coloring ON on input line 6387.
Package hyperref Info: Link coloring with OCG OFF on input line 6394.
Package hyperref Info: PDF/A mode OFF on input line 6399.
LaTeX Info: Redefining \ref on input line 6439.
LaTeX Info: Redefining \pageref on input line 6443.
\Hy@abspage=\count95
\c@Item=\count96
\c@Hfootnote=\count97
)
Package hyperref Info: Driver (autodetected): hxetex.
 (c:/usr/texlive/2018/texmf-dist/tex/latex/hyperref/hxetex.def
File: hxetex.def 2018/02/06 v6.86b Hyperref driver for XeTeX
 (c:/usr/texlive/2018/texmf-dist/tex/latex/hyperref/puenc.def
File: puenc.def 2018/02/06 v6.86b Hyperref: PDF Unicode definition (HO)
) (c:/usr/texlive/2018/texmf-dist/tex/generic/oberdiek/stringenc.sty
Package: stringenc 2016/05/16 v1.11 Convert strings between diff. encodings (HO)
)
\pdfm@box=\box26
\c@Hy@AnnotLevel=\count98
\HyField@AnnotCount=\count99
\Fld@listcount=\count100
\c@bookmark@seq@number=\count101
 (c:/usr/texlive/2018/texmf-dist/tex/latex/oberdiek/rerunfilecheck.sty
Package: rerunfilecheck 2016/05/16 v1.8 Rerun checks for auxiliary files (HO)
Package uniquecounter Info: New unique counter `rerunfilecheck' on input line 282.
)
\Hy@SectionHShift=\skip43
) (c:/usr/texlive/2018/texmf-dist/tex/latex/geometry/geometry.sty
Package: geometry 2018/04/16 v5.8 Page Geometry
\Gm@cnth=\count102
\Gm@cntv=\count103
\c@Gm@tempcnt=\count104
\Gm@bindingoffset=\dimen108
\Gm@wd@mp=\dimen109
\Gm@odd@mp=\dimen110
\Gm@even@mp=\dimen111
\Gm@layoutwidth=\dimen112
\Gm@layoutheight=\dimen113
\Gm@layouthoffset=\dimen114
\Gm@layoutvoffset=\dimen115
\Gm@dimlist=\toks17
) (c:/usr/texlive/2018/texmf-dist/tex/latex/stackengine/stackengine.sty
Package: stackengine 2017/02/13 v4.01\ Stacking text and objects in convenient ways
 (c:/usr/texlive/2018/texmf-dist/tex/latex/etoolbox/etoolbox.sty
Package: etoolbox 2018/08/19 v2.5f e-TeX tools for LaTeX (JAW)
\etb@tempcnta=\count105
) (c:/usr/texlive/2018/texmf-dist/tex/generic/listofitems/listofitems.sty (c:/usr/texlive/2018/texmf-dist/tex/generic/listofitems/listofitems.tex
\loi_nestcnt=\count106
)
Package: listofitems 2018/03/13 v1.53 Grab items in lists using user-specified sep char (CT)
) (c:/usr/texlive/2018/texmf-dist/tex/latex/tools/calc.sty
Package: calc 2017/05/25 v4.3 Infix arithmetic (KKT,FJ)
\calc@Acount=\count107
\calc@Bcount=\count108
\calc@Adimen=\dimen116
\calc@Bdimen=\dimen117
\calc@Askip=\skip44
\calc@Bskip=\skip45
LaTeX Info: Redefining \setlength on input line 80.
LaTeX Info: Redefining \addtolength on input line 81.
\calc@Ccount=\count109
\calc@Cskip=\skip46
)
\c@@stackindex=\count110
\@boxshift=\skip47
\stack@tmplength=\skip48
\temp@stkl=\skip49
\@stackedboxwidth=\skip50
\@addedbox=\box27
\@anchorbox=\box28
\stackedbox=\box29
\@centerbox=\box30
\c@ROWcellindex@=\count111
) (c:/usr/texlive/2018/texmf-dist/tex/latex/graphics/graphicx.sty
Package: graphicx 2017/06/01 v1.1a Enhanced LaTeX Graphics (DPC,SPQR)
 (c:/usr/texlive/2018/texmf-dist/tex/latex/graphics/graphics.sty
Package: graphics 2017/06/25 v1.2c Standard LaTeX Graphics (DPC,SPQR)
 (c:/usr/texlive/2018/texmf-dist/tex/latex/graphics/trig.sty
Package: trig 2016/01/03 v1.10 sin cos tan (DPC)
) (c:/usr/texlive/2018/texmf-dist/tex/latex/graphics-cfg/graphics.cfg
File: graphics.cfg 2016/06/04 v1.11 sample graphics configuration
)
Package graphics Info: Driver file: xetex.def on input line 99.
 (c:/usr/texlive/2018/texmf-dist/tex/latex/graphics-def/xetex.def
File: xetex.def 2017/06/24 v5.0h Graphics/color driver for xetex
))
\Gin@req@height=\dimen118
\Gin@req@width=\dimen119
) (c:/usr/texlive/2018/texmf-dist/tex/latex/fancyhdr/fancyhdr.sty
Package: fancyhdr 2017/06/30 v3.9a Extensive control of page headers and footers
\f@nch@headwidth=\skip51
\f@nch@O@elh=\skip52
\f@nch@O@erh=\skip53
\f@nch@O@olh=\skip54
\f@nch@O@orh=\skip55
\f@nch@O@elf=\skip56
\f@nch@O@erf=\skip57
\f@nch@O@olf=\skip58
\f@nch@O@orf=\skip59
) (c:/usr/texlive/2018/texmf-dist/tex/latex/microtype/microtype.sty
Package: microtype 2018/01/14 v2.7a Micro-typographical refinements (RS)
\MT@toks=\toks18
\MT@count=\count112
LaTeX Info: Redefining \textls on input line 793.
\MT@outer@kern=\dimen120
LaTeX Info: Redefining \textmicrotypecontext on input line 1339.
\MT@listname@count=\count113
 (c:/usr/texlive/2018/texmf-dist/tex/latex/microtype/microtype-xetex.def
File: microtype-xetex.def 2018/01/14 v2.7a Definitions specific to xetex (RS)
LaTeX Info: Redefining \lsstyle on input line 256.
)
Package microtype Info: Loading configuration file microtype.cfg.
 (c:/usr/texlive/2018/texmf-dist/tex/latex/microtype/microtype.cfg
File: microtype.cfg 2018/01/14 v2.7a microtype main configuration file (RS)
)) (c:/usr/texlive/2018/texmf-dist/tex/latex/psnfss/times.sty
Package: times 2005/04/12 PSNFSS-v9.2a (SPQR) 
) (c:/usr/texlive/2018/texmf-dist/tex/latex/matlab-prettifier/matlab-prettifier.sty
Package: matlab-prettifier 2014/06/19 v0.3 A package for prettyprinting Matlab source code
 (c:/usr/texlive/2018/texmf-dist/tex/latex/base/textcomp.sty
Package: textcomp 2017/04/05 v2.0i Standard LaTeX package
Package textcomp Info: Sub-encoding information:
(textcomp)               5 = only ISO-Adobe without \textcurrency
(textcomp)               4 = 5 + \texteuro
(textcomp)               3 = 4 + \textohm
(textcomp)               2 = 3 + \textestimated + \textcurrency
(textcomp)               1 = TS1 - \textcircled - \t
(textcomp)               0 = TS1 (full)
(textcomp)             Font families with sub-encoding setting implement
(textcomp)             only a restricted character set as indicated.
(textcomp)             Family '?' is the default used for unknown fonts.
(textcomp)             See the documentation for details.
Package textcomp Info: Setting ? sub-encoding to TS1/1 on input line 79.
 (c:/usr/texlive/2018/texmf-dist/tex/latex/base/ts1enc.def
File: ts1enc.def 2001/06/05 v3.0e (jk/car/fm) Standard LaTeX file
)
LaTeX Info: Redefining \oldstylenums on input line 334.
Package textcomp Info: Setting cmr sub-encoding to TS1/0 on input line 349.
Package textcomp Info: Setting cmss sub-encoding to TS1/0 on input line 350.
Package textcomp Info: Setting cmtt sub-encoding to TS1/0 on input line 351.
Package textcomp Info: Setting cmvtt sub-encoding to TS1/0 on input line 352.
Package textcomp Info: Setting cmbr sub-encoding to TS1/0 on input line 353.
Package textcomp Info: Setting cmtl sub-encoding to TS1/0 on input line 354.
Package textcomp Info: Setting ccr sub-encoding to TS1/0 on input line 355.
Package textcomp Info: Setting ptm sub-encoding to TS1/4 on input line 356.
Package textcomp Info: Setting pcr sub-encoding to TS1/4 on input line 357.
Package textcomp Info: Setting phv sub-encoding to TS1/4 on input line 358.
Package textcomp Info: Setting ppl sub-encoding to TS1/3 on input line 359.
Package textcomp Info: Setting pag sub-encoding to TS1/4 on input line 360.
Package textcomp Info: Setting pbk sub-encoding to TS1/4 on input line 361.
Package textcomp Info: Setting pnc sub-encoding to TS1/4 on input line 362.
Package textcomp Info: Setting pzc sub-encoding to TS1/4 on input line 363.
Package textcomp Info: Setting bch sub-encoding to TS1/4 on input line 364.
Package textcomp Info: Setting put sub-encoding to TS1/5 on input line 365.
Package textcomp Info: Setting uag sub-encoding to TS1/5 on input line 366.
Package textcomp Info: Setting ugq sub-encoding to TS1/5 on input line 367.
Package textcomp Info: Setting ul8 sub-encoding to TS1/4 on input line 368.
Package textcomp Info: Setting ul9 sub-encoding to TS1/4 on input line 369.
Package textcomp Info: Setting augie sub-encoding to TS1/5 on input line 370.
Package textcomp Info: Setting dayrom sub-encoding to TS1/3 on input line 371.
Package textcomp Info: Setting dayroms sub-encoding to TS1/3 on input line 372.
Package textcomp Info: Setting pxr sub-encoding to TS1/0 on input line 373.
Package textcomp Info: Setting pxss sub-encoding to TS1/0 on input line 374.
Package textcomp Info: Setting pxtt sub-encoding to TS1/0 on input line 375.
Package textcomp Info: Setting txr sub-encoding to TS1/0 on input line 376.
Package textcomp Info: Setting txss sub-encoding to TS1/0 on input line 377.
Package textcomp Info: Setting txtt sub-encoding to TS1/0 on input line 378.
Package textcomp Info: Setting lmr sub-encoding to TS1/0 on input line 379.
Package textcomp Info: Setting lmdh sub-encoding to TS1/0 on input line 380.
Package textcomp Info: Setting lmss sub-encoding to TS1/0 on input line 381.
Package textcomp Info: Setting lmssq sub-encoding to TS1/0 on input line 382.
Package textcomp Info: Setting lmvtt sub-encoding to TS1/0 on input line 383.
Package textcomp Info: Setting lmtt sub-encoding to TS1/0 on input line 384.
Package textcomp Info: Setting qhv sub-encoding to TS1/0 on input line 385.
Package textcomp Info: Setting qag sub-encoding to TS1/0 on input line 386.
Package textcomp Info: Setting qbk sub-encoding to TS1/0 on input line 387.
Package textcomp Info: Setting qcr sub-encoding to TS1/0 on input line 388.
Package textcomp Info: Setting qcs sub-encoding to TS1/0 on input line 389.
Package textcomp Info: Setting qpl sub-encoding to TS1/0 on input line 390.
Package textcomp Info: Setting qtm sub-encoding to TS1/0 on input line 391.
Package textcomp Info: Setting qzc sub-encoding to TS1/0 on input line 392.
Package textcomp Info: Setting qhvc sub-encoding to TS1/0 on input line 393.
Package textcomp Info: Setting futs sub-encoding to TS1/4 on input line 394.
Package textcomp Info: Setting futx sub-encoding to TS1/4 on input line 395.
Package textcomp Info: Setting futj sub-encoding to TS1/4 on input line 396.
Package textcomp Info: Setting hlh sub-encoding to TS1/3 on input line 397.
Package textcomp Info: Setting hls sub-encoding to TS1/3 on input line 398.
Package textcomp Info: Setting hlst sub-encoding to TS1/3 on input line 399.
Package textcomp Info: Setting hlct sub-encoding to TS1/5 on input line 400.
Package textcomp Info: Setting hlx sub-encoding to TS1/5 on input line 401.
Package textcomp Info: Setting hlce sub-encoding to TS1/5 on input line 402.
Package textcomp Info: Setting hlcn sub-encoding to TS1/5 on input line 403.
Package textcomp Info: Setting hlcw sub-encoding to TS1/5 on input line 404.
Package textcomp Info: Setting hlcf sub-encoding to TS1/5 on input line 405.
Package textcomp Info: Setting pplx sub-encoding to TS1/3 on input line 406.
Package textcomp Info: Setting pplj sub-encoding to TS1/3 on input line 407.
Package textcomp Info: Setting ptmx sub-encoding to TS1/4 on input line 408.
Package textcomp Info: Setting ptmj sub-encoding to TS1/4 on input line 409.
) (c:/usr/texlive/2018/texmf-dist/tex/latex/xcolor/xcolor.sty
Package: xcolor 2016/05/11 v2.12 LaTeX color extensions (UK)
 (c:/usr/texlive/2018/texmf-dist/tex/latex/graphics-cfg/color.cfg
File: color.cfg 2016/01/02 v1.6 sample color configuration
)
Package xcolor Info: Driver file: xetex.def on input line 225.
Package xcolor Info: Model `cmy' substituted by `cmy0' on input line 1348.
Package xcolor Info: Model `RGB' extended on input line 1364.
Package xcolor Info: Model `HTML' substituted by `rgb' on input line 1366.
Package xcolor Info: Model `Hsb' substituted by `hsb' on input line 1367.
Package xcolor Info: Model `tHsb' substituted by `hsb' on input line 1368.
Package xcolor Info: Model `HSB' substituted by `hsb' on input line 1369.
Package xcolor Info: Model `Gray' substituted by `gray' on input line 1370.
Package xcolor Info: Model `wave' substituted by `hsb' on input line 1371.
) (c:/usr/texlive/2018/texmf-dist/tex/latex/listings/listings.sty
\lst@mode=\count114
\lst@gtempboxa=\box31
\lst@token=\toks19
\lst@length=\count115
\lst@currlwidth=\dimen121
\lst@column=\count116
\lst@pos=\count117
\lst@lostspace=\dimen122
\lst@width=\dimen123
\lst@newlines=\count118
\lst@lineno=\count119
\lst@maxwidth=\dimen124
 (c:/usr/texlive/2018/texmf-dist/tex/latex/listings/lstmisc.sty
File: lstmisc.sty 2018/09/02 1.7 (Carsten Heinz)
\c@lstnumber=\count120
\lst@skipnumbers=\count121
\lst@framebox=\box32
) (c:/usr/texlive/2018/texmf-dist/tex/latex/listings/listings.cfg
File: listings.cfg 2018/09/02 1.7 listings configuration
))
Package: listings 2018/09/02 1.7 (Carsten Heinz)
\netBracketCount@mlpr=\count122
\blkLvl@mlpr=\count123
\blkLvlAtClassdef@mlpr=\count124
\emHeight@mlpr=\skip60
\jayDepth@mlpr=\skip61
\sectionRuleOffset@mlpr=\skip62
\toks@mlpr=\toks20
)
No file 2018_Fall_Homework2_Questions.aux.
\openout1 = `2018_Fall_Homework2_Questions.aux'.

LaTeX Font Info:    Checking defaults for OML/cmm/m/it on input line 80.
LaTeX Font Info:    ... okay on input line 80.
LaTeX Font Info:    Checking defaults for T1/cmr/m/n on input line 80.
LaTeX Font Info:    ... okay on input line 80.
LaTeX Font Info:    Checking defaults for OT1/cmr/m/n on input line 80.
LaTeX Font Info:    ... okay on input line 80.
LaTeX Font Info:    Checking defaults for OMS/cmsy/m/n on input line 80.
LaTeX Font Info:    ... okay on input line 80.
LaTeX Font Info:    Checking defaults for TU/lmr/m/n on input line 80.
LaTeX Font Info:    ... okay on input line 80.
LaTeX Font Info:    Checking defaults for OMX/cmex/m/n on input line 80.
LaTeX Font Info:    ... okay on input line 80.
LaTeX Font Info:    Checking defaults for U/cmr/m/n on input line 80.
LaTeX Font Info:    ... okay on input line 80.
LaTeX Font Info:    Checking defaults for PD1/pdf/m/n on input line 80.
LaTeX Font Info:    ... okay on input line 80.
LaTeX Font Info:    Checking defaults for PU/pdf/m/n on input line 80.
LaTeX Font Info:    ... okay on input line 80.
LaTeX Font Info:    Checking defaults for TS1/cmr/m/n on input line 80.
LaTeX Font Info:    Try loading font information for TS1+cmr on input line 80.
(c:/usr/texlive/2018/texmf-dist/tex/latex/base/ts1cmr.fd
File: ts1cmr.fd 2014/09/29 v2.5h Standard LaTeX font definitions
)
LaTeX Font Info:    ... okay on input line 80.
LaTeX Font Info:    Try loading font information for TU+ptm on input line 80.
LaTeX Font Info:    No file TUptm.fd. on input line 80.


LaTeX Font Warning: Font shape `TU/ptm/m/n' undefined
(Font)              using `TU/lmr/m/n' instead on input line 80.

\AtBeginShipoutBox=\box33
Package hyperref Info: Link coloring ON on input line 80.
(c:/usr/texlive/2018/texmf-dist/tex/latex/hyperref/nameref.sty
Package: nameref 2016/05/21 v2.44 Cross-referencing by name of section
 (c:/usr/texlive/2018/texmf-dist/tex/generic/oberdiek/gettitlestring.sty
Package: gettitlestring 2016/05/16 v1.5 Cleanup title references (HO)
)
\c@section@level=\count125
)
LaTeX Info: Redefining \ref on input line 80.
LaTeX Info: Redefining \pageref on input line 80.
LaTeX Info: Redefining \nameref on input line 80.
\@outlinefile=\write3
\openout3 = `2018_Fall_Homework2_Questions.out'.



Package hyperref Warning: Rerun to get /PageLabels entry.

*geometry* driver: auto-detecting
*geometry* detected driver: xetex
*geometry* verbose mode - [ preamble ] result:
* driver: xetex
* paper: a4paper
* layout: <same size as paper>
* layoutoffset:(h,v)=(0.0pt,0.0pt)
* modes: 
* h-part:(L,W,R)=(108.405pt, 380.69788pt, 108.405pt)
* v-part:(T,H,B)=(108.405pt, 628.23685pt, 108.405pt)
* \paperwidth=597.50787pt
* \paperheight=845.04684pt
* \textwidth=380.69788pt
* \textheight=628.23685pt
* \oddsidemargin=36.13501pt
* \evensidemargin=36.13501pt
* \topmargin=-0.86499pt
* \headheight=15.0pt
* \headsep=25.0pt
* \topskip=11.0pt
* \footskip=30.0pt
* \marginparwidth=59.0pt
* \marginparsep=10.0pt
* \columnsep=10.0pt
* \skip\footins=10.0pt plus 4.0pt minus 2.0pt
* \hoffset=0.0pt
* \voffset=0.0pt
* \mag=1000
* \@twocolumnfalse
* \@twosidefalse
* \@mparswitchfalse
* \@reversemarginfalse
* (1in=72.27pt=25.4mm, 1cm=28.453pt)

LaTeX Info: Redefining \microtypecontext on input line 80.
Package microtype Info: Character protrusion enabled (level 2).
Package microtype Info: Using default protrusion set `alltext'.
Package microtype Info: No adjustment of tracking.
Package microtype Info: No adjustment of spacing.
Package microtype Info: No adjustment of kerning.
(c:/usr/texlive/2018/texmf-dist/tex/latex/microtype/mt-ptm.cfg
File: mt-ptm.cfg 2006/04/20 v1.7 microtype config. file: Times (RS)
)
Package microtype Info: Loading generic protrusion settings for font family
(microtype)             `ptm' (encoding: TU).
(microtype)             For optimal results, create family-specific settings.
(microtype)             See the microtype manual for details.
\c@lstlisting=\count126
 (c:/usr/texlive/2018/texmf-dist/tex/latex/microtype/mt-cmr.cfg
File: mt-cmr.cfg 2013/05/19 v2.2 microtype config. file: Computer Modern Roman (RS)
)
LaTeX Font Info:    External font `cmex10' loaded for size
(Font)              <12> on input line 82.
LaTeX Font Info:    External font `cmex10' loaded for size
(Font)              <8> on input line 82.
LaTeX Font Info:    External font `cmex10' loaded for size
(Font)              <6> on input line 82.


LaTeX Warning: No \author given.


LaTeX Font Warning: Font shape `TU/ptm/bx/n' undefined
(Font)              using `TU/ptm/m/n' instead on input line 85.

LaTeX Font Info:    External font `cmex10' loaded for size
(Font)              <10.95> on input line 104.
c:/Users/navi/Dropbox/cswork/18Fall/cs484_cv/hw2/questions/2018_Fall_Homework2_Questions.tex:105: Missing $ inserted.
<inserted text> 
                $
l.105 
      
I've inserted a begin-math/end-math symbol since I think
you left one out. Proceed, with fingers crossed.

c:/Users/navi/Dropbox/cswork/18Fall/cs484_cv/hw2/questions/2018_Fall_Homework2_Questions.tex:105: Display math should end with $$.
<to be read again> 
                   \par 
l.105 
      
The `$' that I just saw supposedly matches a previous `$$'.
So I shall assume that you typed `$$' both times.


LaTeX Font Warning: Font shape `TU/ptm/m/it' undefined
(Font)              using `TU/ptm/m/n' instead on input line 108.

(c:/usr/texlive/2018/texmf-dist/tex/generic/oberdiek/se-ascii-print.def
File: se-ascii-print.def 2016/05/16 v1.11 stringenc: Printable ASCII characters
) [1

] [2]
c:/Users/navi/Dropbox/cswork/18Fall/cs484_cv/hw2/questions/2018_Fall_Homework2_Questions.tex:151: Missing { inserted.
<to be read again> 
                   }
l.151 ^^I^^I\frac{1}_
                     {9} & \frac{1}_{9} & \frac{1}_{9} \\
A left brace was mandatory here, so I've put one in.
You might want to delete and/or insert some corrections
so that I will find a matching right brace soon.
(If you're confused by all this, try typing `I}' now.)

c:/Users/navi/Dropbox/cswork/18Fall/cs484_cv/hw2/questions/2018_Fall_Homework2_Questions.tex:151: Missing } inserted.
<inserted text> 
                }
l.151 ^^I^^I\frac{1}_{9} &
                           \frac{1}_{9} & \frac{1}_{9} \\
I've put in what seems to be necessary to fix
the current column of the current alignment.
Try to go on, since this might almost work.

c:/Users/navi/Dropbox/cswork/18Fall/cs484_cv/hw2/questions/2018_Fall_Homework2_Questions.tex:151: Missing { inserted.
<to be read again> 
                   }
l.151 ^^I^^I\frac{1}_{9} & \frac{1}_
                                    {9} & \frac{1}_{9} \\
A left brace was mandatory here, so I've put one in.
You might want to delete and/or insert some corrections
so that I will find a matching right brace soon.
(If you're confused by all this, try typing `I}' now.)

c:/Users/navi/Dropbox/cswork/18Fall/cs484_cv/hw2/questions/2018_Fall_Homework2_Questions.tex:151: Missing } inserted.
<inserted text> 
                }
l.151 ^^I^^I\frac{1}_{9} & \frac{1}_{9} &
                                          \frac{1}_{9} \\
I've put in what seems to be necessary to fix
the current column of the current alignment.
Try to go on, since this might almost work.

c:/Users/navi/Dropbox/cswork/18Fall/cs484_cv/hw2/questions/2018_Fall_Homework2_Questions.tex:151: Missing { inserted.
<to be read again> 
                   }
l.151 ...^I\frac{1}_{9} & \frac{1}_{9} & \frac{1}_
                                                  {9} \\
A left brace was mandatory here, so I've put one in.
You might want to delete and/or insert some corrections
so that I will find a matching right brace soon.
(If you're confused by all this, try typing `I}' now.)

c:/Users/navi/Dropbox/cswork/18Fall/cs484_cv/hw2/questions/2018_Fall_Homework2_Questions.tex:151: Missing } inserted.
<inserted text> 
                }
l.151 ...c{1}_{9} & \frac{1}_{9} & \frac{1}_{9} \\
                                                  
I've inserted something that you may have forgotten.
(See the <inserted text> above.)
With luck, this will get me unwedged. But if you
really didn't forget anything, try typing `2' now; then
my insertion and my current dilemma will both disappear.

c:/Users/navi/Dropbox/cswork/18Fall/cs484_cv/hw2/questions/2018_Fall_Homework2_Questions.tex:152: Missing { inserted.
<to be read again> 
                   }
l.152 ^^I^^I\frac{1}_
                     {9} & \frac{1}_{9} & \frac{1}_{9} \\
A left brace was mandatory here, so I've put one in.
You might want to delete and/or insert some corrections
so that I will find a matching right brace soon.
(If you're confused by all this, try typing `I}' now.)

c:/Users/navi/Dropbox/cswork/18Fall/cs484_cv/hw2/questions/2018_Fall_Homework2_Questions.tex:152: Missing } inserted.
<inserted text> 
                }
l.152 ^^I^^I\frac{1}_{9} &
                           \frac{1}_{9} & \frac{1}_{9} \\
I've put in what seems to be necessary to fix
the current column of the current alignment.
Try to go on, since this might almost work.

c:/Users/navi/Dropbox/cswork/18Fall/cs484_cv/hw2/questions/2018_Fall_Homework2_Questions.tex:152: Missing { inserted.
<to be read again> 
                   }
l.152 ^^I^^I\frac{1}_{9} & \frac{1}_
                                    {9} & \frac{1}_{9} \\
A left brace was mandatory here, so I've put one in.
You might want to delete and/or insert some corrections
so that I will find a matching right brace soon.
(If you're confused by all this, try typing `I}' now.)

c:/Users/navi/Dropbox/cswork/18Fall/cs484_cv/hw2/questions/2018_Fall_Homework2_Questions.tex:152: Missing } inserted.
<inserted text> 
                }
l.152 ^^I^^I\frac{1}_{9} & \frac{1}_{9} &
                                          \frac{1}_{9} \\
I've put in what seems to be necessary to fix
the current column of the current alignment.
Try to go on, since this might almost work.

c:/Users/navi/Dropbox/cswork/18Fall/cs484_cv/hw2/questions/2018_Fall_Homework2_Questions.tex:152: Missing { inserted.
<to be read again> 
                   }
l.152 ...^I\frac{1}_{9} & \frac{1}_{9} & \frac{1}_
                                                  {9} \\
A left brace was mandatory here, so I've put one in.
You might want to delete and/or insert some corrections
so that I will find a matching right brace soon.
(If you're confused by all this, try typing `I}' now.)

c:/Users/navi/Dropbox/cswork/18Fall/cs484_cv/hw2/questions/2018_Fall_Homework2_Questions.tex:152: Missing } inserted.
<inserted text> 
                }
l.152 ...c{1}_{9} & \frac{1}_{9} & \frac{1}_{9} \\
                                                  
I've inserted something that you may have forgotten.
(See the <inserted text> above.)
With luck, this will get me unwedged. But if you
really didn't forget anything, try typing `2' now; then
my insertion and my current dilemma will both disappear.

c:/Users/navi/Dropbox/cswork/18Fall/cs484_cv/hw2/questions/2018_Fall_Homework2_Questions.tex:153: Missing { inserted.
<to be read again> 
                   }
l.153 ^^I^^I\frac{1}_
                     {9} & \frac{1}_{9} & \frac{1}_{9} \\
A left brace was mandatory here, so I've put one in.
You might want to delete and/or insert some corrections
so that I will find a matching right brace soon.
(If you're confused by all this, try typing `I}' now.)

c:/Users/navi/Dropbox/cswork/18Fall/cs484_cv/hw2/questions/2018_Fall_Homework2_Questions.tex:153: Missing } inserted.
<inserted text> 
                }
l.153 ^^I^^I\frac{1}_{9} &
                           \frac{1}_{9} & \frac{1}_{9} \\
I've put in what seems to be necessary to fix
the current column of the current alignment.
Try to go on, since this might almost work.

c:/Users/navi/Dropbox/cswork/18Fall/cs484_cv/hw2/questions/2018_Fall_Homework2_Questions.tex:153: Missing { inserted.
<to be read again> 
                   }
l.153 ^^I^^I\frac{1}_{9} & \frac{1}_
                                    {9} & \frac{1}_{9} \\
A left brace was mandatory here, so I've put one in.
You might want to delete and/or insert some corrections
so that I will find a matching right brace soon.
(If you're confused by all this, try typing `I}' now.)

c:/Users/navi/Dropbox/cswork/18Fall/cs484_cv/hw2/questions/2018_Fall_Homework2_Questions.tex:153: Missing } inserted.
<inserted text> 
                }
l.153 ^^I^^I\frac{1}_{9} & \frac{1}_{9} &
                                          \frac{1}_{9} \\
I've put in what seems to be necessary to fix
the current column of the current alignment.
Try to go on, since this might almost work.

c:/Users/navi/Dropbox/cswork/18Fall/cs484_cv/hw2/questions/2018_Fall_Homework2_Questions.tex:153: Missing { inserted.
<to be read again> 
                   }
l.153 ...^I\frac{1}_{9} & \frac{1}_{9} & \frac{1}_
                                                  {9} \\
A left brace was mandatory here, so I've put one in.
You might want to delete and/or insert some corrections
so that I will find a matching right brace soon.
(If you're confused by all this, try typing `I}' now.)

c:/Users/navi/Dropbox/cswork/18Fall/cs484_cv/hw2/questions/2018_Fall_Homework2_Questions.tex:153: Missing } inserted.
<inserted text> 
                }
l.153 ...c{1}_{9} & \frac{1}_{9} & \frac{1}_{9} \\
                                                  
I've inserted something that you may have forgotten.
(See the <inserted text> above.)
With luck, this will get me unwedged. But if you
really didn't forget anything, try typing `2' now; then
my insertion and my current dilemma will both disappear.

c:/Users/navi/Dropbox/cswork/18Fall/cs484_cv/hw2/questions/2018_Fall_Homework2_Questions.tex:156: Missing { inserted.
<to be read again> 
                   }
l.156 ^^I^^I0 & -\frac{1}_
                          {2} & 0 \\
A left brace was mandatory here, so I've put one in.
You might want to delete and/or insert some corrections
so that I will find a matching right brace soon.
(If you're confused by all this, try typing `I}' now.)

c:/Users/navi/Dropbox/cswork/18Fall/cs484_cv/hw2/questions/2018_Fall_Homework2_Questions.tex:156: Missing } inserted.
<inserted text> 
                }
l.156 ^^I^^I0 & -\frac{1}_{2} &
                                0 \\
I've put in what seems to be necessary to fix
the current column of the current alignment.
Try to go on, since this might almost work.

c:/Users/navi/Dropbox/cswork/18Fall/cs484_cv/hw2/questions/2018_Fall_Homework2_Questions.tex:157: Missing { inserted.
<to be read again> 
                   }
l.157 ^^I^^I-\frac{1}_
                      {2} & 2 & -\frac{1}_{2} \\
A left brace was mandatory here, so I've put one in.
You might want to delete and/or insert some corrections
so that I will find a matching right brace soon.
(If you're confused by all this, try typing `I}' now.)

c:/Users/navi/Dropbox/cswork/18Fall/cs484_cv/hw2/questions/2018_Fall_Homework2_Questions.tex:157: Missing } inserted.
<inserted text> 
                }
l.157 ^^I^^I-\frac{1}_{2} &
                            2 & -\frac{1}_{2} \\
I've put in what seems to be necessary to fix
the current column of the current alignment.
Try to go on, since this might almost work.

c:/Users/navi/Dropbox/cswork/18Fall/cs484_cv/hw2/questions/2018_Fall_Homework2_Questions.tex:157: Missing { inserted.
<to be read again> 
                   }
l.157 ^^I^^I-\frac{1}_{2} & 2 & -\frac{1}_
                                          {2} \\
A left brace was mandatory here, so I've put one in.
You might want to delete and/or insert some corrections
so that I will find a matching right brace soon.
(If you're confused by all this, try typing `I}' now.)

c:/Users/navi/Dropbox/cswork/18Fall/cs484_cv/hw2/questions/2018_Fall_Homework2_Questions.tex:157: Missing } inserted.
<inserted text> 
                }
l.157 ^^I^^I-\frac{1}_{2} & 2 & -\frac{1}_{2} \\
                                                
I've inserted something that you may have forgotten.
(See the <inserted text> above.)
With luck, this will get me unwedged. But if you
really didn't forget anything, try typing `2' now; then
my insertion and my current dilemma will both disappear.

c:/Users/navi/Dropbox/cswork/18Fall/cs484_cv/hw2/questions/2018_Fall_Homework2_Questions.tex:158: Missing { inserted.
<to be read again> 
                   }
l.158 ^^I^^I0 & -\frac{1}_
                          {2} & 0 \\
A left brace was mandatory here, so I've put one in.
You might want to delete and/or insert some corrections
so that I will find a matching right brace soon.
(If you're confused by all this, try typing `I}' now.)

c:/Users/navi/Dropbox/cswork/18Fall/cs484_cv/hw2/questions/2018_Fall_Homework2_Questions.tex:158: Missing } inserted.
<inserted text> 
                }
l.158 ^^I^^I0 & -\frac{1}_{2} &
                                0 \\
I've put in what seems to be necessary to fix
the current column of the current alignment.
Try to go on, since this might almost work.

File: ../lpimage.jpg Graphic file (type bmp)
<../lpimage.jpg>
File: ../hpimage.jpg Graphic file (type bmp)
<../hpimage.jpg>
[3]
Package atveryend Info: Empty hook `BeforeClearDocument' on input line 215.
 [4]
Package atveryend Info: Empty hook `AfterLastShipout' on input line 215.
 (./2018_Fall_Homework2_Questions.aux)
Package atveryend Info: Empty hook `AtVeryEndDocument' on input line 215.
Package atveryend Info: Executing hook `AtEndAfterFileList' on input line 215.


Package rerunfilecheck Warning: File `2018_Fall_Homework2_Questions.out' has changed.
(rerunfilecheck)                Rerun to get outlines right
(rerunfilecheck)                or use package `bookmark'.

Package rerunfilecheck Info: Checksums for `2018_Fall_Homework2_Questions.out':
(rerunfilecheck)             Before: 
(rerunfilecheck)             After:  D41D8CD98F00B204E9800998ECF8427E.

LaTeX Font Warning: Some font shapes were not available, defaults substituted.


LaTeX Warning: Label(s) may have changed. Rerun to get cross-references right.

Package atveryend Info: Empty hook `AtVeryVeryEnd' on input line 215.
 ) 
Here is how much of TeX's memory you used:
 13235 strings out of 492960
 193430 string characters out of 6135243
 318937 words of memory out of 5000000
 17137 multiletter control sequences out of 15000+600000
 7684 words of font info for 31 fonts, out of 8000000 for 9000
 1348 hyphenation exceptions out of 8191
 32i,11n,43p,1061b,345s stack positions out of 5000i,500n,10000p,200000b,80000s

Output written on 2018_Fall_Homework2_Questions.pdf (4 pages).
